{"/Users/gabbypierce/qualityassurance/Blog-App-using-MERN-stack/server/controller/blog-controller.js": {"path":"/Users/gabbypierce/qualityassurance/Blog-App-using-MERN-stack/server/controller/blog-controller.js","statementMap":{"0":{"start":{"line":2,"column":17},"end":{"line":2,"column":36}},"1":{"start":{"line":3,"column":13},"end":{"line":3,"column":37}},"2":{"start":{"line":4,"column":13},"end":{"line":4,"column":37}},"3":{"start":{"line":6,"column":20},"end":{"line":17,"column":1}},"4":{"start":{"line":7,"column":2},"end":{"line":16,"column":3}},"5":{"start":{"line":8,"column":18},"end":{"line":8,"column":35}},"6":{"start":{"line":9,"column":4},"end":{"line":11,"column":5}},"7":{"start":{"line":10,"column":6},"end":{"line":10,"column":65}},"8":{"start":{"line":12,"column":4},"end":{"line":12,"column":43}},"9":{"start":{"line":14,"column":4},"end":{"line":14,"column":21}},"10":{"start":{"line":15,"column":4},"end":{"line":15,"column":74}},"11":{"start":{"line":19,"column":16},"end":{"line":44,"column":1}},"12":{"start":{"line":20,"column":46},"end":{"line":20,"column":54}},"13":{"start":{"line":21,"column":2},"end":{"line":43,"column":3}},"14":{"start":{"line":22,"column":25},"end":{"line":22,"column":50}},"15":{"start":{"line":23,"column":4},"end":{"line":25,"column":5}},"16":{"start":{"line":24,"column":6},"end":{"line":24,"column":63}},"17":{"start":{"line":27,"column":20},"end":{"line":27,"column":49}},"18":{"start":{"line":28,"column":4},"end":{"line":28,"column":30}},"19":{"start":{"line":30,"column":17},"end":{"line":30,"column":80}},"20":{"start":{"line":31,"column":4},"end":{"line":31,"column":33}},"21":{"start":{"line":33,"column":4},"end":{"line":33,"column":34}},"22":{"start":{"line":34,"column":4},"end":{"line":34,"column":41}},"23":{"start":{"line":36,"column":4},"end":{"line":36,"column":38}},"24":{"start":{"line":37,"column":4},"end":{"line":37,"column":25}},"25":{"start":{"line":39,"column":4},"end":{"line":39,"column":42}},"26":{"start":{"line":41,"column":4},"end":{"line":41,"column":21}},"27":{"start":{"line":42,"column":4},"end":{"line":42,"column":74}},"28":{"start":{"line":46,"column":19},"end":{"line":60,"column":1}},"29":{"start":{"line":47,"column":17},"end":{"line":47,"column":27}},"30":{"start":{"line":48,"column":2},"end":{"line":59,"column":3}},"31":{"start":{"line":50,"column":35},"end":{"line":50,"column":43}},"32":{"start":{"line":51,"column":17},"end":{"line":51,"column":73}},"33":{"start":{"line":52,"column":4},"end":{"line":54,"column":5}},"34":{"start":{"line":53,"column":6},"end":{"line":53,"column":67}},"35":{"start":{"line":55,"column":4},"end":{"line":55,"column":42}},"36":{"start":{"line":57,"column":4},"end":{"line":57,"column":21}},"37":{"start":{"line":58,"column":4},"end":{"line":58,"column":74}},"38":{"start":{"line":62,"column":16},"end":{"line":74,"column":1}},"39":{"start":{"line":63,"column":17},"end":{"line":63,"column":27}},"40":{"start":{"line":64,"column":2},"end":{"line":73,"column":3}},"41":{"start":{"line":65,"column":17},"end":{"line":65,"column":40}},"42":{"start":{"line":66,"column":4},"end":{"line":68,"column":5}},"43":{"start":{"line":67,"column":6},"end":{"line":67,"column":60}},"44":{"start":{"line":69,"column":4},"end":{"line":69,"column":42}},"45":{"start":{"line":71,"column":4},"end":{"line":71,"column":21}},"46":{"start":{"line":72,"column":4},"end":{"line":72,"column":74}},"47":{"start":{"line":76,"column":19},"end":{"line":91,"column":1}},"48":{"start":{"line":77,"column":17},"end":{"line":77,"column":27}},"49":{"start":{"line":78,"column":2},"end":{"line":90,"column":3}},"50":{"start":{"line":79,"column":17},"end":{"line":79,"column":49}},"51":{"start":{"line":80,"column":4},"end":{"line":82,"column":5}},"52":{"start":{"line":81,"column":6},"end":{"line":81,"column":65}},"53":{"start":{"line":83,"column":17},"end":{"line":83,"column":47}},"54":{"start":{"line":84,"column":4},"end":{"line":84,"column":26}},"55":{"start":{"line":85,"column":4},"end":{"line":85,"column":22}},"56":{"start":{"line":86,"column":4},"end":{"line":86,"column":61}},"57":{"start":{"line":88,"column":4},"end":{"line":88,"column":23}},"58":{"start":{"line":89,"column":4},"end":{"line":89,"column":74}},"59":{"start":{"line":93,"column":20},"end":{"line":105,"column":1}},"60":{"start":{"line":94,"column":17},"end":{"line":94,"column":27}},"61":{"start":{"line":95,"column":2},"end":{"line":104,"column":3}},"62":{"start":{"line":96,"column":26},"end":{"line":96,"column":49}},"63":{"start":{"line":97,"column":4},"end":{"line":99,"column":5}},"64":{"start":{"line":98,"column":6},"end":{"line":98,"column":64}},"65":{"start":{"line":100,"column":4},"end":{"line":100,"column":57}},"66":{"start":{"line":102,"column":4},"end":{"line":102,"column":21}},"67":{"start":{"line":103,"column":4},"end":{"line":103,"column":74}},"68":{"start":{"line":107,"column":0},"end":{"line":114,"column":2}}},"fnMap":{"0":{"name":"(anonymous_0)","decl":{"start":{"line":6,"column":20},"end":{"line":6,"column":21}},"loc":{"start":{"line":6,"column":40},"end":{"line":17,"column":1}},"line":6},"1":{"name":"(anonymous_1)","decl":{"start":{"line":19,"column":16},"end":{"line":19,"column":17}},"loc":{"start":{"line":19,"column":36},"end":{"line":44,"column":1}},"line":19},"2":{"name":"(anonymous_2)","decl":{"start":{"line":46,"column":19},"end":{"line":46,"column":20}},"loc":{"start":{"line":46,"column":39},"end":{"line":60,"column":1}},"line":46},"3":{"name":"(anonymous_3)","decl":{"start":{"line":62,"column":16},"end":{"line":62,"column":17}},"loc":{"start":{"line":62,"column":36},"end":{"line":74,"column":1}},"line":62},"4":{"name":"(anonymous_4)","decl":{"start":{"line":76,"column":19},"end":{"line":76,"column":20}},"loc":{"start":{"line":76,"column":39},"end":{"line":91,"column":1}},"line":76},"5":{"name":"(anonymous_5)","decl":{"start":{"line":93,"column":20},"end":{"line":93,"column":21}},"loc":{"start":{"line":93,"column":40},"end":{"line":105,"column":1}},"line":93}},"branchMap":{"0":{"loc":{"start":{"line":9,"column":4},"end":{"line":11,"column":5}},"type":"if","locations":[{"start":{"line":9,"column":4},"end":{"line":11,"column":5}},{"start":{},"end":{}}],"line":9},"1":{"loc":{"start":{"line":9,"column":8},"end":{"line":9,"column":36}},"type":"binary-expr","locations":[{"start":{"line":9,"column":8},"end":{"line":9,"column":14}},{"start":{"line":9,"column":18},"end":{"line":9,"column":36}}],"line":9},"2":{"loc":{"start":{"line":23,"column":4},"end":{"line":25,"column":5}},"type":"if","locations":[{"start":{"line":23,"column":4},"end":{"line":25,"column":5}},{"start":{},"end":{}}],"line":23},"3":{"loc":{"start":{"line":52,"column":4},"end":{"line":54,"column":5}},"type":"if","locations":[{"start":{"line":52,"column":4},"end":{"line":54,"column":5}},{"start":{},"end":{}}],"line":52},"4":{"loc":{"start":{"line":66,"column":4},"end":{"line":68,"column":5}},"type":"if","locations":[{"start":{"line":66,"column":4},"end":{"line":68,"column":5}},{"start":{},"end":{}}],"line":66},"5":{"loc":{"start":{"line":80,"column":4},"end":{"line":82,"column":5}},"type":"if","locations":[{"start":{"line":80,"column":4},"end":{"line":82,"column":5}},{"start":{},"end":{}}],"line":80},"6":{"loc":{"start":{"line":97,"column":4},"end":{"line":99,"column":5}},"type":"if","locations":[{"start":{"line":97,"column":4},"end":{"line":99,"column":5}},{"start":{},"end":{}}],"line":97}},"s":{"0":1,"1":1,"2":1,"3":1,"4":2,"5":2,"6":1,"7":0,"8":1,"9":1,"10":1,"11":1,"12":2,"13":2,"14":2,"15":1,"16":0,"17":1,"18":1,"19":1,"20":1,"21":1,"22":1,"23":1,"24":1,"25":1,"26":1,"27":1,"28":1,"29":2,"30":2,"31":2,"32":1,"33":1,"34":0,"35":1,"36":1,"37":1,"38":1,"39":2,"40":2,"41":2,"42":1,"43":0,"44":1,"45":1,"46":1,"47":1,"48":2,"49":2,"50":2,"51":1,"52":0,"53":1,"54":1,"55":1,"56":1,"57":1,"58":1,"59":1,"60":2,"61":2,"62":2,"63":1,"64":0,"65":1,"66":1,"67":1,"68":1},"f":{"0":2,"1":2,"2":2,"3":2,"4":2,"5":2},"b":{"0":[0,1],"1":[1,1],"2":[0,1],"3":[0,1],"4":[0,1],"5":[0,1],"6":[0,1]},"_coverageSchema":"1a1c01bbd47fc00a2c39e90264f33305004495a9","hash":"fdd9f3275bfffc4c2135f27e60ba43047c81e441"}
,"/Users/gabbypierce/qualityassurance/Blog-App-using-MERN-stack/server/controller/user-contoller.js": {"path":"/Users/gabbypierce/qualityassurance/Blog-App-using-MERN-stack/server/controller/user-contoller.js","statementMap":{"0":{"start":{"line":2,"column":18},"end":{"line":2,"column":42}},"1":{"start":{"line":3,"column":18},"end":{"line":3,"column":37}},"2":{"start":{"line":4,"column":18},"end":{"line":4,"column":38}},"3":{"start":{"line":6,"column":15},"end":{"line":34,"column":1}},"4":{"start":{"line":7,"column":2},"end":{"line":33,"column":3}},"5":{"start":{"line":8,"column":38},"end":{"line":8,"column":46}},"6":{"start":{"line":11,"column":4},"end":{"line":13,"column":5}},"7":{"start":{"line":12,"column":6},"end":{"line":12,"column":71}},"8":{"start":{"line":14,"column":22},"end":{"line":14,"column":48}},"9":{"start":{"line":17,"column":19},"end":{"line":17,"column":39}},"10":{"start":{"line":19,"column":25},"end":{"line":19,"column":51}},"11":{"start":{"line":20,"column":4},"end":{"line":22,"column":5}},"12":{"start":{"line":21,"column":6},"end":{"line":21,"column":70}},"13":{"start":{"line":25,"column":27},"end":{"line":25,"column":52}},"14":{"start":{"line":26,"column":17},"end":{"line":26,"column":79}},"15":{"start":{"line":27,"column":4},"end":{"line":27,"column":22}},"16":{"start":{"line":29,"column":4},"end":{"line":29,"column":42}},"17":{"start":{"line":31,"column":4},"end":{"line":31,"column":23}},"18":{"start":{"line":32,"column":4},"end":{"line":32,"column":61}},"19":{"start":{"line":36,"column":14},"end":{"line":65,"column":1}},"20":{"start":{"line":37,"column":2},"end":{"line":64,"column":3}},"21":{"start":{"line":38,"column":32},"end":{"line":38,"column":40}},"22":{"start":{"line":41,"column":4},"end":{"line":43,"column":5}},"23":{"start":{"line":42,"column":6},"end":{"line":42,"column":71}},"24":{"start":{"line":44,"column":22},"end":{"line":44,"column":48}},"25":{"start":{"line":47,"column":19},"end":{"line":47,"column":39}},"26":{"start":{"line":49,"column":25},"end":{"line":49,"column":51}},"27":{"start":{"line":50,"column":4},"end":{"line":52,"column":5}},"28":{"start":{"line":51,"column":6},"end":{"line":51,"column":65}},"29":{"start":{"line":55,"column":22},"end":{"line":55,"column":73}},"30":{"start":{"line":56,"column":4},"end":{"line":58,"column":5}},"31":{"start":{"line":57,"column":6},"end":{"line":57,"column":69}},"32":{"start":{"line":60,"column":4},"end":{"line":60,"column":65}},"33":{"start":{"line":62,"column":4},"end":{"line":62,"column":23}},"34":{"start":{"line":63,"column":4},"end":{"line":63,"column":61}},"35":{"start":{"line":67,"column":20},"end":{"line":75,"column":1}},"36":{"start":{"line":68,"column":2},"end":{"line":74,"column":3}},"37":{"start":{"line":69,"column":18},"end":{"line":69,"column":35}},"38":{"start":{"line":70,"column":4},"end":{"line":70,"column":43}},"39":{"start":{"line":72,"column":4},"end":{"line":72,"column":23}},"40":{"start":{"line":73,"column":4},"end":{"line":73,"column":74}},"41":{"start":{"line":77,"column":19},"end":{"line":89,"column":1}},"42":{"start":{"line":78,"column":2},"end":{"line":88,"column":3}},"43":{"start":{"line":79,"column":19},"end":{"line":79,"column":29}},"44":{"start":{"line":80,"column":24},"end":{"line":80,"column":56}},"45":{"start":{"line":81,"column":4},"end":{"line":83,"column":5}},"46":{"start":{"line":82,"column":6},"end":{"line":82,"column":65}},"47":{"start":{"line":84,"column":4},"end":{"line":84,"column":61}},"48":{"start":{"line":86,"column":4},"end":{"line":86,"column":23}},"49":{"start":{"line":87,"column":4},"end":{"line":87,"column":74}},"50":{"start":{"line":91,"column":0},"end":{"line":96,"column":2}}},"fnMap":{"0":{"name":"(anonymous_0)","decl":{"start":{"line":6,"column":15},"end":{"line":6,"column":16}},"loc":{"start":{"line":6,"column":35},"end":{"line":34,"column":1}},"line":6},"1":{"name":"(anonymous_1)","decl":{"start":{"line":36,"column":14},"end":{"line":36,"column":15}},"loc":{"start":{"line":36,"column":34},"end":{"line":65,"column":1}},"line":36},"2":{"name":"(anonymous_2)","decl":{"start":{"line":67,"column":20},"end":{"line":67,"column":21}},"loc":{"start":{"line":67,"column":40},"end":{"line":75,"column":1}},"line":67},"3":{"name":"(anonymous_3)","decl":{"start":{"line":77,"column":19},"end":{"line":77,"column":20}},"loc":{"start":{"line":77,"column":39},"end":{"line":89,"column":1}},"line":77}},"branchMap":{"0":{"loc":{"start":{"line":11,"column":4},"end":{"line":13,"column":5}},"type":"if","locations":[{"start":{"line":11,"column":4},"end":{"line":13,"column":5}},{"start":{},"end":{}}],"line":11},"1":{"loc":{"start":{"line":20,"column":4},"end":{"line":22,"column":5}},"type":"if","locations":[{"start":{"line":20,"column":4},"end":{"line":22,"column":5}},{"start":{},"end":{}}],"line":20},"2":{"loc":{"start":{"line":41,"column":4},"end":{"line":43,"column":5}},"type":"if","locations":[{"start":{"line":41,"column":4},"end":{"line":43,"column":5}},{"start":{},"end":{}}],"line":41},"3":{"loc":{"start":{"line":50,"column":4},"end":{"line":52,"column":5}},"type":"if","locations":[{"start":{"line":50,"column":4},"end":{"line":52,"column":5}},{"start":{},"end":{}}],"line":50},"4":{"loc":{"start":{"line":56,"column":4},"end":{"line":58,"column":5}},"type":"if","locations":[{"start":{"line":56,"column":4},"end":{"line":58,"column":5}},{"start":{},"end":{}}],"line":56},"5":{"loc":{"start":{"line":81,"column":4},"end":{"line":83,"column":5}},"type":"if","locations":[{"start":{"line":81,"column":4},"end":{"line":83,"column":5}},{"start":{},"end":{}}],"line":81}},"s":{"0":1,"1":1,"2":1,"3":1,"4":3,"5":3,"6":3,"7":0,"8":3,"9":3,"10":3,"11":2,"12":1,"13":1,"14":1,"15":1,"16":1,"17":1,"18":1,"19":1,"20":4,"21":4,"22":4,"23":0,"24":4,"25":4,"26":4,"27":3,"28":1,"29":2,"30":2,"31":1,"32":1,"33":1,"34":1,"35":1,"36":2,"37":2,"38":1,"39":1,"40":1,"41":1,"42":3,"43":3,"44":3,"45":2,"46":1,"47":1,"48":1,"49":1,"50":1},"f":{"0":3,"1":4,"2":2,"3":3},"b":{"0":[0,3],"1":[1,1],"2":[0,4],"3":[1,2],"4":[1,1],"5":[1,1]},"_coverageSchema":"1a1c01bbd47fc00a2c39e90264f33305004495a9","hash":"1d3ddceb461b5cae2a54ca646fc8741a37962b0f"}
,"/Users/gabbypierce/qualityassurance/Blog-App-using-MERN-stack/server/model/Blog.js": {"path":"/Users/gabbypierce/qualityassurance/Blog-App-using-MERN-stack/server/model/Blog.js","statementMap":{"0":{"start":{"line":1,"column":17},"end":{"line":1,"column":36}},"1":{"start":{"line":2,"column":15},"end":{"line":2,"column":30}},"2":{"start":{"line":4,"column":19},"end":{"line":26,"column":2}},"3":{"start":{"line":28,"column":0},"end":{"line":28,"column":53}}},"fnMap":{},"branchMap":{},"s":{"0":2,"1":2,"2":2,"3":2},"f":{},"b":{},"_coverageSchema":"1a1c01bbd47fc00a2c39e90264f33305004495a9","hash":"003defbe09a919b5fec9abe3fcef6bd4d6ec72c0"}
,"/Users/gabbypierce/qualityassurance/Blog-App-using-MERN-stack/server/model/User.js": {"path":"/Users/gabbypierce/qualityassurance/Blog-App-using-MERN-stack/server/model/User.js","statementMap":{"0":{"start":{"line":1,"column":17},"end":{"line":1,"column":36}},"1":{"start":{"line":2,"column":15},"end":{"line":2,"column":30}},"2":{"start":{"line":4,"column":19},"end":{"line":9,"column":2}},"3":{"start":{"line":11,"column":0},"end":{"line":11,"column":53}}},"fnMap":{},"branchMap":{},"s":{"0":4,"1":4,"2":4,"3":4},"f":{},"b":{},"_coverageSchema":"1a1c01bbd47fc00a2c39e90264f33305004495a9","hash":"889a2689a72fedf69d0a7349a73f4a7e543a6c06"}
}
