TN:
SF:controller/blog-controller.js
FN:6,(anonymous_0)
FN:19,(anonymous_1)
FN:46,(anonymous_2)
FN:62,(anonymous_3)
FN:76,(anonymous_4)
FN:93,(anonymous_5)
FNF:6
FNH:6
FNDA:2,(anonymous_0)
FNDA:2,(anonymous_1)
FNDA:2,(anonymous_2)
FNDA:2,(anonymous_3)
FNDA:2,(anonymous_4)
FNDA:2,(anonymous_5)
DA:2,1
DA:3,1
DA:4,1
DA:6,1
DA:7,2
DA:8,2
DA:9,1
DA:10,0
DA:12,1
DA:14,1
DA:15,1
DA:19,1
DA:20,2
DA:21,2
DA:22,2
DA:23,1
DA:24,0
DA:27,1
DA:28,1
DA:30,1
DA:31,1
DA:33,1
DA:34,1
DA:36,1
DA:37,1
DA:39,1
DA:41,1
DA:42,1
DA:46,1
DA:47,2
DA:48,2
DA:50,2
DA:51,1
DA:52,1
DA:53,0
DA:55,1
DA:57,1
DA:58,1
DA:62,1
DA:63,2
DA:64,2
DA:65,2
DA:66,1
DA:67,0
DA:69,1
DA:71,1
DA:72,1
DA:76,1
DA:77,2
DA:78,2
DA:79,2
DA:80,1
DA:81,0
DA:83,1
DA:84,1
DA:85,1
DA:86,1
DA:88,1
DA:89,1
DA:93,1
DA:94,2
DA:95,2
DA:96,2
DA:97,1
DA:98,0
DA:100,1
DA:102,1
DA:103,1
DA:107,1
LF:69
LH:63
BRDA:9,0,0,0
BRDA:9,0,1,1
BRDA:9,1,0,1
BRDA:9,1,1,1
BRDA:23,2,0,0
BRDA:23,2,1,1
BRDA:52,3,0,0
BRDA:52,3,1,1
BRDA:66,4,0,0
BRDA:66,4,1,1
BRDA:80,5,0,0
BRDA:80,5,1,1
BRDA:97,6,0,0
BRDA:97,6,1,1
BRF:14
BRH:8
end_of_record
TN:
SF:controller/user-contoller.js
FN:6,(anonymous_0)
FN:36,(anonymous_1)
FN:67,(anonymous_2)
FN:77,(anonymous_3)
FNF:4
FNH:4
FNDA:3,(anonymous_0)
FNDA:4,(anonymous_1)
FNDA:2,(anonymous_2)
FNDA:3,(anonymous_3)
DA:2,1
DA:3,1
DA:4,1
DA:6,1
DA:7,3
DA:8,3
DA:11,3
DA:12,0
DA:14,3
DA:17,3
DA:19,3
DA:20,2
DA:21,1
DA:25,1
DA:26,1
DA:27,1
DA:29,1
DA:31,1
DA:32,1
DA:36,1
DA:37,4
DA:38,4
DA:41,4
DA:42,0
DA:44,4
DA:47,4
DA:49,4
DA:50,3
DA:51,1
DA:55,2
DA:56,2
DA:57,1
DA:60,1
DA:62,1
DA:63,1
DA:67,1
DA:68,2
DA:69,2
DA:70,1
DA:72,1
DA:73,1
DA:77,1
DA:78,3
DA:79,3
DA:80,3
DA:81,2
DA:82,1
DA:84,1
DA:86,1
DA:87,1
DA:91,1
LF:51
LH:49
BRDA:11,0,0,0
BRDA:11,0,1,3
BRDA:20,1,0,1
BRDA:20,1,1,1
BRDA:41,2,0,0
BRDA:41,2,1,4
BRDA:50,3,0,1
BRDA:50,3,1,2
BRDA:56,4,0,1
BRDA:56,4,1,1
BRDA:81,5,0,1
BRDA:81,5,1,1
BRF:12
BRH:10
end_of_record
TN:
SF:model/Blog.js
FNF:0
FNH:0
DA:1,2
DA:2,2
DA:4,2
DA:28,2
LF:4
LH:4
BRF:0
BRH:0
end_of_record
TN:
SF:model/User.js
FNF:0
FNH:0
DA:1,4
DA:2,4
DA:4,4
DA:11,4
LF:4
LH:4
BRF:0
BRH:0
end_of_record
